Unity Editor version:    2021.3.16f1 (4016570cf34f)
Branch:                  2021.3/staging
Build type:              Release
Batch mode:              YES
macOS version:           Version 13.1 (Build 22C65)
Darwin version:          22.2.0
Architecture:            x86_64
Running under Rosetta:   YES
Available memory:        16384 MB
Using pre-set license
Pro License: YES

COMMAND LINE ARGUMENTS:
/Users/younghaklee/Unity_Data/2021.3.16f1/Unity.app/Contents/MacOS/Unity
-adb2
-batchMode
-noUpm
-name
AssetImportWorker0
-projectPath
/Users/younghaklee/Depth_Recorder
-logFile
Logs/AssetImportWorker0.log
-srvPort
58103
Successfully changed project path to: /Users/younghaklee/Depth_Recorder
/Users/younghaklee/Depth_Recorder
[UnityMemory] Configuration Parameters - Can be set up in boot.config
    "memorysetup-bucket-allocator-granularity=16"
    "memorysetup-bucket-allocator-bucket-count=8"
    "memorysetup-bucket-allocator-block-size=33554432"
    "memorysetup-bucket-allocator-block-count=8"
    "memorysetup-main-allocator-block-size=16777216"
    "memorysetup-thread-allocator-block-size=16777216"
    "memorysetup-gfx-main-allocator-block-size=16777216"
    "memorysetup-gfx-thread-allocator-block-size=16777216"
    "memorysetup-cache-allocator-block-size=4194304"
    "memorysetup-typetree-allocator-block-size=2097152"
    "memorysetup-profiler-bucket-allocator-granularity=16"
    "memorysetup-profiler-bucket-allocator-bucket-count=8"
    "memorysetup-profiler-bucket-allocator-block-size=33554432"
    "memorysetup-profiler-bucket-allocator-block-count=8"
    "memorysetup-profiler-allocator-block-size=16777216"
    "memorysetup-profiler-editor-allocator-block-size=1048576"
    "memorysetup-temp-allocator-size-main=16777216"
    "memorysetup-job-temp-allocator-block-size=2097152"
    "memorysetup-job-temp-allocator-block-size-background=1048576"
    "memorysetup-job-temp-allocator-reduction-small-platforms=262144"
    "memorysetup-temp-allocator-size-background-worker=32768"
    "memorysetup-temp-allocator-size-job-worker=262144"
    "memorysetup-temp-allocator-size-preload-manager=33554432"
    "memorysetup-temp-allocator-size-nav-mesh-worker=65536"
    "memorysetup-temp-allocator-size-audio-worker=65536"
    "memorysetup-temp-allocator-size-cloud-worker=32768"
    "memorysetup-temp-allocator-size-gi-baking-worker=262144"
    "memorysetup-temp-allocator-size-gfx=262144"
Player connection [8698761920] Host "[IP] 192.168.0.8 [Port] 0 [Flags] 2 [Guid] 1490440786 [EditorId] 1490440786 [Version] 1048832 [Id] OSXEditor(0,Younghaks-MacBook-Pro.local) [Debug] 1 [PackageName] OSXEditor [ProjectName] Editor" joined multi-casting on [225.0.0.222:54997]...

Player connection [8698761920] Host "[IP] 192.168.0.8 [Port] 0 [Flags] 2 [Guid] 1490440786 [EditorId] 1490440786 [Version] 1048832 [Id] OSXEditor(0,Younghaks-MacBook-Pro.local) [Debug] 1 [PackageName] OSXEditor [ProjectName] Editor" joined alternative multi-casting on [225.0.0.222:34997]...

Refreshing native plugins compatible for Editor in 110.47 ms, found 2 plugins.
Preloading 0 native plugins for Editor in 0.00 ms.
Initialize engine version: 2021.3.16f1 (4016570cf34f)
[Subsystems] Discovering subsystems at path /Users/younghaklee/Unity_Data/2021.3.16f1/Unity.app/Contents/Resources/UnitySubsystems
[Subsystems] Discovering subsystems at path /Users/younghaklee/Depth_Recorder/Assets
GfxDevice: creating device client; threaded=0; jobified=0
 preferred device: Apple M1 (high power)
Metal devices available: 1
0: Apple M1 (high power)
Using device Apple M1 (high power)
Initializing Metal device caps: Apple M1
Initialize mono
Mono path[0] = '/Users/younghaklee/Unity_Data/2021.3.16f1/Unity.app/Contents/Managed'
Mono path[1] = '/Users/younghaklee/Unity_Data/2021.3.16f1/Unity.app/Contents/MonoBleedingEdge/lib/mono/unityjit-macos'
Mono config path = '/Users/younghaklee/Unity_Data/2021.3.16f1/Unity.app/Contents/MonoBleedingEdge/etc'
Using monoOptions --debugger-agent=transport=dt_socket,embedding=1,server=y,suspend=n,address=127.0.0.1:56242
Begin MonoManager ReloadAssembly
Registering precompiled unity dll's ...
Register platform support module: /Users/younghaklee/Unity_Data/2021.3.16f1/Unity.app/Contents/PlaybackEngines/MacStandaloneSupport/UnityEditor.OSXStandalone.Extensions.dll
Register platform support module: /Users/younghaklee/Unity_Data/2021.3.16f1/PlaybackEngines/AndroidPlayer/UnityEditor.Android.Extensions.dll
Register platform support module: /Users/younghaklee/Unity_Data/2021.3.16f1/PlaybackEngines/iOSSupport/UnityEditor.iOS.Extensions.dll
Registered in 0.001266 seconds.
[usbmuxd] Start listen thread
[usbmuxd] Listen thread started
[usbmuxd] Send listen message
Native extension for iOS target not found
Native extension for Android target not found
Native extension for OSXStandalone target not found
Refreshing native plugins compatible for Editor in 108.88 ms, found 2 plugins.
Preloading 0 native plugins for Editor in 0.00 ms.
Mono: successfully reloaded assembly
- Completed reload, in  1.533 seconds
Domain Reload Profiling:
	ReloadAssembly (1534ms)
		BeginReloadAssembly (148ms)
			ExecutionOrderSort (0ms)
			DisableScriptedObjects (0ms)
			BackupInstance (0ms)
			ReleaseScriptingObjects (0ms)
			CreateAndSetChildDomain (3ms)
		EndReloadAssembly (1164ms)
			LoadAssemblies (147ms)
			RebuildTransferFunctionScriptingTraits (0ms)
			SetupTypeCache (125ms)
			ReleaseScriptCaches (0ms)
			RebuildScriptCaches (32ms)
			SetupLoadedEditorAssemblies (860ms)
				LogAssemblyErrors (0ms)
				InitializePlatformSupportModulesInManaged (247ms)
				SetLoadedEditorAssemblies (1ms)
				RefreshPlugins (109ms)
				BeforeProcessingInitializeOnLoad (3ms)
				ProcessInitializeOnLoadAttributes (313ms)
				ProcessInitializeOnLoadMethodAttributes (187ms)
				AfterProcessingInitializeOnLoad (0ms)
				EditorAssembliesLoaded (1ms)
			ExecutionOrderSort2 (0ms)
			AwakeInstancesAfterBackupRestoration (0ms)
Platform modules already initialized, skipping
Registering precompiled user dll's ...
Registered in 0.002153 seconds.
Begin MonoManager ReloadAssembly
Symbol file LoadedFromMemory doesn't match image /Users/younghaklee/Depth_Recorder/Library/PackageCache/com.unity.visualscripting@1.7.8/Editor/VisualScripting.Core/Dependencies/YamlDotNet/Unity.VisualScripting.YamlDotNet.dll
Symbol file LoadedFromMemory doesn't match image /Users/younghaklee/Depth_Recorder/Library/PackageCache/com.unity.visualscripting@1.7.8/Editor/VisualScripting.Core/Dependencies/DotNetZip/Unity.VisualScripting.IonicZip.dll
Native extension for iOS target not found
Native extension for Android target not found
Native extension for OSXStandalone target not found
Refreshing native plugins compatible for Editor in 103.98 ms, found 2 plugins.
Preloading 0 native plugins for Editor in 0.00 ms.
Package Manager log level set to [2]
Mono: successfully reloaded assembly
- Completed reload, in  2.696 seconds
Domain Reload Profiling:
	ReloadAssembly (2699ms)
		BeginReloadAssembly (394ms)
			ExecutionOrderSort (0ms)
			DisableScriptedObjects (77ms)
			BackupInstance (0ms)
			ReleaseScriptingObjects (0ms)
			CreateAndSetChildDomain (147ms)
		EndReloadAssembly (2038ms)
			LoadAssemblies (137ms)
			RebuildTransferFunctionScriptingTraits (0ms)
			SetupTypeCache (320ms)
			ReleaseScriptCaches (5ms)
			RebuildScriptCaches (59ms)
			SetupLoadedEditorAssemblies (1325ms)
				LogAssemblyErrors (0ms)
				InitializePlatformSupportModulesInManaged (72ms)
				SetLoadedEditorAssemblies (0ms)
				RefreshPlugins (104ms)
				BeforeProcessingInitializeOnLoad (165ms)
				ProcessInitializeOnLoadAttributes (892ms)
				ProcessInitializeOnLoadMethodAttributes (90ms)
				AfterProcessingInitializeOnLoad (1ms)
				EditorAssembliesLoaded (0ms)
			ExecutionOrderSort2 (0ms)
			AwakeInstancesAfterBackupRestoration (10ms)
Platform modules already initialized, skipping
========================================================================
Worker process is ready to serve import requests
Launching external process: /Users/younghaklee/Unity_Data/2021.3.16f1/Unity.app/Contents/Tools/UnityShaderCompiler
Launched and connected shader compiler UnityShaderCompiler after 0.09 seconds
Refreshing native plugins compatible for Editor in 0.68 ms, found 2 plugins.
Preloading 0 native plugins for Editor in 0.00 ms.
Unloading 3854 Unused Serialized files (Serialized files now loaded: 0)
Unloading 30 unused Assets / (Unknown). Loaded Objects now: 4320.
Memory consumption went from 128.9 MB to 129.0 MB.
Total: 3.249375 ms (FindLiveObjects: 0.215250 ms CreateObjectMapping: 0.094417 ms MarkObjects: 2.780041 ms  DeleteObjects: 0.158542 ms)

AssetImportParameters requested are different than current active one (requested -> active):
  custom:video-decoder-ogg-theora: a1e56fd34408186e4bbccfd4996cb3dc -> 
  custom:container-muxer-webm: aa71ff27fc2769a1b78a27578f13a17b -> 
  custom:container-demuxer-webm: 4f35f7cbe854078d1ac9338744f61a02 -> 
  custom:video-encoder-webm-vp8: eb34c28f22e8b96e1ab97ce403110664 -> 
  custom:framework-osx-AVFoundation: e770b220cccbd017edd2c1fefb359320 -> 
  custom:audio-encoder-webm-vorbis: bf7c407c2cedff20999df2af8eb42d56 -> 
  custom:container-demuxer-ogg: 62fdf1f143b41e24485cea50d1cbac27 -> 
  custom:video-decoder-webm-vp8: 9c59270c3fd7afecdb556c50c9e8de78 -> 
  custom:audio-decoder-ogg-vorbis: bf7c407c2cedff20999df2af8eb42d56 -> 
========================================================================
Received Import Request.
  Time since last request: 31698.702311 seconds.
  path: Assets/Younghak/01 1. Assets
  artifactKey: Guid(8a2b278a5a1694b2695c07e647498d7d) Importer(815301076,1909f56bfc062723c751e8b465ee728b)
Start importing Assets/Younghak/01 1. Assets using Guid(8a2b278a5a1694b2695c07e647498d7d) Importer(815301076,1909f56bfc062723c751e8b465ee728b)  -> (artifact id: '6bc95797d2bccc2df03aea1579f53744') in 0.011664 seconds 
========================================================================
Received Import Request.
  Time since last request: 4.939067 seconds.
  path: Assets/Younghak/02.Scripts
  artifactKey: Guid(8a2b278a5a1694b2695c07e647498d7d) Importer(815301076,1909f56bfc062723c751e8b465ee728b)
Start importing Assets/Younghak/02.Scripts using Guid(8a2b278a5a1694b2695c07e647498d7d) Importer(815301076,1909f56bfc062723c751e8b465ee728b)  -> (artifact id: '0f4687fe7ad7540d2ba41b094ea15e00') in 0.000766 seconds 
========================================================================
Received Import Request.
  Time since last request: 1.832550 seconds.
  path: Assets/Younghak/02 1.Scripts
  artifactKey: Guid(8b7f4b6f3271f454892d36d36e51d619) Importer(815301076,1909f56bfc062723c751e8b465ee728b)
Start importing Assets/Younghak/02 1.Scripts using Guid(8b7f4b6f3271f454892d36d36e51d619) Importer(815301076,1909f56bfc062723c751e8b465ee728b)  -> (artifact id: 'b89a78c5f4bd05fc3ec83a7e7153260c') in 0.000787 seconds 
========================================================================
Received Import Request.
  Time since last request: 1.400754 seconds.
  path: Assets/Younghak/02 2.Scripts
  artifactKey: Guid(7da4de8bbbd844e939cc44ba0343138b) Importer(815301076,1909f56bfc062723c751e8b465ee728b)
Start importing Assets/Younghak/02 2.Scripts using Guid(7da4de8bbbd844e939cc44ba0343138b) Importer(815301076,1909f56bfc062723c751e8b465ee728b)  -> (artifact id: '27629a1c115048c2b8cfc500e1fd8864') in 0.000879 seconds 
========================================================================
Received Import Request.
  Time since last request: 0.191434 seconds.
  path: Assets/Younghak/02 3.Scripts
  artifactKey: Guid(73edc73f6342c4d7eba602bbbede836d) Importer(815301076,1909f56bfc062723c751e8b465ee728b)
Start importing Assets/Younghak/02 3.Scripts using Guid(73edc73f6342c4d7eba602bbbede836d) Importer(815301076,1909f56bfc062723c751e8b465ee728b)  -> (artifact id: '0497b272a2a22dd6d19b7a9d067861b3') in 0.000697 seconds 
========================================================================
Received Import Request.
  Time since last request: 2.620481 seconds.
  path: Assets/Younghak/03.Scenes
  artifactKey: Guid(8b7f4b6f3271f454892d36d36e51d619) Importer(815301076,1909f56bfc062723c751e8b465ee728b)
Start importing Assets/Younghak/03.Scenes using Guid(8b7f4b6f3271f454892d36d36e51d619) Importer(815301076,1909f56bfc062723c751e8b465ee728b)  -> (artifact id: '43e3821fdace01b6b33add90b88a2a1a') in 0.000647 seconds 
========================================================================
Received Import Request.
  Time since last request: 3.940183 seconds.
  path: Assets/Younghak/04.Prefabs
  artifactKey: Guid(73edc73f6342c4d7eba602bbbede836d) Importer(815301076,1909f56bfc062723c751e8b465ee728b)
Start importing Assets/Younghak/04.Prefabs using Guid(73edc73f6342c4d7eba602bbbede836d) Importer(815301076,1909f56bfc062723c751e8b465ee728b)  -> (artifact id: 'ab5dbe2f9ce87b7cee2d462f3c9b4628') in 0.000685 seconds 
========================================================================
Received Import Request.
  Time since last request: 4.780613 seconds.
  path: Assets/Younghak/05. Textures
  artifactKey: Guid(7da4de8bbbd844e939cc44ba0343138b) Importer(815301076,1909f56bfc062723c751e8b465ee728b)
Start importing Assets/Younghak/05. Textures using Guid(7da4de8bbbd844e939cc44ba0343138b) Importer(815301076,1909f56bfc062723c751e8b465ee728b)  -> (artifact id: '4d94f978da2df75c262471f3b39ded70') in 0.000792 seconds 
========================================================================
Received Import Request.
  Time since last request: 0.675914 seconds.
  path: Assets/Younghak/05 1. Textures
  artifactKey: Guid(87c3fc578b3f14396a0812c7e8d6cb82) Importer(815301076,1909f56bfc062723c751e8b465ee728b)
Start importing Assets/Younghak/05 1. Textures using Guid(87c3fc578b3f14396a0812c7e8d6cb82) Importer(815301076,1909f56bfc062723c751e8b465ee728b)  -> (artifact id: 'c632c514b5d2c44daca868afbe107b7d') in 0.000676 seconds 
========================================================================
Received Import Request.
  Time since last request: 4.491082 seconds.
  path: Assets/Younghak/06. Marterials
  artifactKey: Guid(87c3fc578b3f14396a0812c7e8d6cb82) Importer(815301076,1909f56bfc062723c751e8b465ee728b)
Start importing Assets/Younghak/06. Marterials using Guid(87c3fc578b3f14396a0812c7e8d6cb82) Importer(815301076,1909f56bfc062723c751e8b465ee728b)  -> (artifact id: 'b78eb4953663c85db553c970ad7c1bf9') in 0.000634 seconds 
========================================================================
Received Import Request.
  Time since last request: 134.567556 seconds.
  path: Assets/VideoCreator/Demo/Scenes/MovSample.unity
  artifactKey: Guid(82926927633134ef5a92479eda68de9e) Importer(815301076,1909f56bfc062723c751e8b465ee728b)
Start importing Assets/VideoCreator/Demo/Scenes/MovSample.unity using Guid(82926927633134ef5a92479eda68de9e) Importer(815301076,1909f56bfc062723c751e8b465ee728b)  -> (artifact id: '1e3e92f636f31f9e071b41a735351c7f') in 0.001438 seconds 
========================================================================
Received Import Request.
  Time since last request: 14.436541 seconds.
  path: Assets/VideoCreator/Demo/Scenes/MovSample 1.unity
  artifactKey: Guid(c3e46b234e97441878f73b50650dd96f) Importer(815301076,1909f56bfc062723c751e8b465ee728b)
Start importing Assets/VideoCreator/Demo/Scenes/MovSample 1.unity using Guid(c3e46b234e97441878f73b50650dd96f) Importer(815301076,1909f56bfc062723c751e8b465ee728b)  -> (artifact id: '606d1413459175ea5d76fd53f34c27f9') in 0.000880 seconds 
========================================================================
Received Import Request.
  Time since last request: 24.409495 seconds.
  path: Assets/VideoCreator/Demo/Scenes/Common 1.unity
  artifactKey: Guid(f4cb595184ae648f48bb951b6547b8c6) Importer(815301076,1909f56bfc062723c751e8b465ee728b)
Start importing Assets/VideoCreator/Demo/Scenes/Common 1.unity using Guid(f4cb595184ae648f48bb951b6547b8c6) Importer(815301076,1909f56bfc062723c751e8b465ee728b)  -> (artifact id: '7c408bcdd36783e70af393ee43ef2943') in 0.000893 seconds 
========================================================================
Received Import Request.
  Time since last request: 17.050999 seconds.
  path: Assets/Younghak/03.Scenes/YH_Common.unity
  artifactKey: Guid(f4cb595184ae648f48bb951b6547b8c6) Importer(815301076,1909f56bfc062723c751e8b465ee728b)
Start importing Assets/Younghak/03.Scenes/YH_Common.unity using Guid(f4cb595184ae648f48bb951b6547b8c6) Importer(815301076,1909f56bfc062723c751e8b465ee728b)  -> (artifact id: '4521db4b76d2a06c71ef5e25dd8960db') in 0.000770 seconds 
========================================================================
Received Import Request.
  Time since last request: 3.339691 seconds.
  path: Assets/Younghak/03.Scenes/YH_MOvSample.unity
  artifactKey: Guid(c3e46b234e97441878f73b50650dd96f) Importer(815301076,1909f56bfc062723c751e8b465ee728b)
Start importing Assets/Younghak/03.Scenes/YH_MOvSample.unity using Guid(c3e46b234e97441878f73b50650dd96f) Importer(815301076,1909f56bfc062723c751e8b465ee728b)  -> (artifact id: '27f7738810b78fa9c845172a0b8f8413') in 0.000854 seconds 
========================================================================
Received Import Request.
  Time since last request: 5.759972 seconds.
  path: Assets/Younghak/03.Scenes/YH_MOVSample.unity
  artifactKey: Guid(c3e46b234e97441878f73b50650dd96f) Importer(815301076,1909f56bfc062723c751e8b465ee728b)
Start importing Assets/Younghak/03.Scenes/YH_MOVSample.unity using Guid(c3e46b234e97441878f73b50650dd96f) Importer(815301076,1909f56bfc062723c751e8b465ee728b)  -> (artifact id: '1809c95b8349da0af4c96c9b0ded803c') in 0.000872 seconds 
========================================================================
Received Import Request.
  Time since last request: 273.678905 seconds.
  path: Assets/Younghak/05. Textures/2in1_RecordingTexture.renderTexture
  artifactKey: Guid(aec0c0d34b35142ed80b27dcf4f6e458) Importer(815301076,1909f56bfc062723c751e8b465ee728b)
Start importing Assets/Younghak/05. Textures/2in1_RecordingTexture.renderTexture using Guid(aec0c0d34b35142ed80b27dcf4f6e458) Importer(815301076,1909f56bfc062723c751e8b465ee728b)  -> (artifact id: '45c4120d6cc18a8f2c1fc3b508ded24b') in 0.534324 seconds 
========================================================================
Received Import Request.
  Time since last request: 550.313868 seconds.
  path: ProjectSettings/TagManager.asset
  artifactKey: Guid(00000000000000003000000000000000) Importer(815301076,1909f56bfc062723c751e8b465ee728b)
Start importing ProjectSettings/TagManager.asset using Guid(00000000000000003000000000000000) Importer(815301076,1909f56bfc062723c751e8b465ee728b)  -> (artifact id: '5f74b9f0782f3ffe8a654b2b60a9f33c') in 0.060989 seconds 
========================================================================
Received Import Request.
  Time since last request: 132.915142 seconds.
  path: Assets/Younghak/03.Scenes/YH_Common.unity
  artifactKey: Guid(f4cb595184ae648f48bb951b6547b8c6) Importer(815301076,1909f56bfc062723c751e8b465ee728b)
Start importing Assets/Younghak/03.Scenes/YH_Common.unity using Guid(f4cb595184ae648f48bb951b6547b8c6) Importer(815301076,1909f56bfc062723c751e8b465ee728b)  -> (artifact id: '086b857e017a9d60ee32d238ce78f922') in 0.001107 seconds 
========================================================================
Received Prepare
Registering precompiled user dll's ...
Registered in 0.002508 seconds.
Begin MonoManager ReloadAssembly
Symbol file LoadedFromMemory doesn't match image /Users/younghaklee/Depth_Recorder/Library/PackageCache/com.unity.visualscripting@1.7.8/Editor/VisualScripting.Core/Dependencies/YamlDotNet/Unity.VisualScripting.YamlDotNet.dll
Symbol file LoadedFromMemory doesn't match image /Users/younghaklee/Depth_Recorder/Library/PackageCache/com.unity.visualscripting@1.7.8/Editor/VisualScripting.Core/Dependencies/DotNetZip/Unity.VisualScripting.IonicZip.dll
Native extension for iOS target not found
Native extension for Android target not found
Native extension for OSXStandalone target not found
Refreshing native plugins compatible for Editor in 0.74 ms, found 2 plugins.
Preloading 0 native plugins for Editor in 0.00 ms.
Mono: successfully reloaded assembly
- Completed reload, in  2.467 seconds
Domain Reload Profiling:
	ReloadAssembly (2469ms)
		BeginReloadAssembly (253ms)
			ExecutionOrderSort (0ms)
			DisableScriptedObjects (36ms)
			BackupInstance (0ms)
			ReleaseScriptingObjects (0ms)
			CreateAndSetChildDomain (61ms)
		EndReloadAssembly (2000ms)
			LoadAssemblies (113ms)
			RebuildTransferFunctionScriptingTraits (0ms)
			SetupTypeCache (323ms)
			ReleaseScriptCaches (1ms)
			RebuildScriptCaches (44ms)
			SetupLoadedEditorAssemblies (1261ms)
				LogAssemblyErrors (0ms)
				InitializePlatformSupportModulesInManaged (93ms)
				SetLoadedEditorAssemblies (2ms)
				RefreshPlugins (1ms)
				BeforeProcessingInitializeOnLoad (145ms)
				ProcessInitializeOnLoadAttributes (904ms)
				ProcessInitializeOnLoadMethodAttributes (115ms)
				AfterProcessingInitializeOnLoad (1ms)
				EditorAssembliesLoaded (0ms)
			ExecutionOrderSort2 (0ms)
			AwakeInstancesAfterBackupRestoration (19ms)
Platform modules already initialized, skipping
Refreshing native plugins compatible for Editor in 1.38 ms, found 2 plugins.
Preloading 0 native plugins for Editor in 0.00 ms.
Unloading 3824 Unused Serialized files (Serialized files now loaded: 0)
Unloading 23 unused Assets / (74.5 KB). Loaded Objects now: 4330.
Memory consumption went from 137.5 MB to 137.4 MB.
Total: 3.454459 ms (FindLiveObjects: 0.333541 ms CreateObjectMapping: 0.102917 ms MarkObjects: 2.919292 ms  DeleteObjects: 0.097459 ms)

AssetImportParameters requested are different than current active one (requested -> active):
  custom:video-decoder-ogg-theora: a1e56fd34408186e4bbccfd4996cb3dc -> 
  custom:container-muxer-webm: aa71ff27fc2769a1b78a27578f13a17b -> 
  custom:container-demuxer-webm: 4f35f7cbe854078d1ac9338744f61a02 -> 
  custom:video-encoder-webm-vp8: eb34c28f22e8b96e1ab97ce403110664 -> 
  custom:framework-osx-AVFoundation: e770b220cccbd017edd2c1fefb359320 -> 
  custom:audio-encoder-webm-vorbis: bf7c407c2cedff20999df2af8eb42d56 -> 
  custom:container-demuxer-ogg: 62fdf1f143b41e24485cea50d1cbac27 -> 
  custom:video-decoder-webm-vp8: 9c59270c3fd7afecdb556c50c9e8de78 -> 
  custom:audio-decoder-ogg-vorbis: bf7c407c2cedff20999df2af8eb42d56 -> 
